2022-12-26 12:55:41.722583
Saving data to cache...
Trainset:	x-torch.Size([112915, 1, 64, 64])	y-torch.Size([112915])
Valset:  	x-torch.Size([16207, 1, 64, 64])	y-torch.Size([16207])
Testset:	x-torch.Size([33466, 1, 64, 64])	y-torch.Size([33466])
------------- MFCCNN -------------
2022-12-26 12:59:31.573550 Epoch 1 	Train Loss = 1.70586 Train acc = 0.62424  Val Loss = 0.47493 Val acc = 0.87274 
2022-12-26 12:59:41.454113 Epoch 2 	Train Loss = 0.32625 Train acc = 0.91173  Val Loss = 0.29445 Val acc = 0.91614 
2022-12-26 12:59:50.826708 Epoch 3 	Train Loss = 0.19524 Train acc = 0.94349  Val Loss = 0.26463 Val acc = 0.91935 
2022-12-26 13:00:00.965174 Epoch 4 	Train Loss = 0.14129 Train acc = 0.95798  Val Loss = 0.20319 Val acc = 0.93914 
2022-12-26 13:00:10.966490 Epoch 5 	Train Loss = 0.11000 Train acc = 0.96656  Val Loss = 0.17000 Val acc = 0.94813 
2022-12-26 13:00:19.265909 Epoch 6 	Train Loss = 0.08985 Train acc = 0.97301  Val Loss = 0.18297 Val acc = 0.94343 
2022-12-26 13:00:28.685596 Epoch 7 	Train Loss = 0.07804 Train acc = 0.97508  Val Loss = 0.17079 Val acc = 0.94911 
2022-12-26 13:00:39.507388 Epoch 8 	Train Loss = 0.06719 Train acc = 0.97851  Val Loss = 0.15698 Val acc = 0.95503 
2022-12-26 13:00:50.386430 Epoch 9 	Train Loss = 0.05890 Train acc = 0.98123  Val Loss = 0.18457 Val acc = 0.94667 
2022-12-26 13:00:59.101398 Epoch 10 	Train Loss = 0.05529 Train acc = 0.98208  Val Loss = 0.16236 Val acc = 0.95208 
2022-12-26 13:01:07.992503 Epoch 11 	Train Loss = 0.05235 Train acc = 0.98293  Val Loss = 0.14406 Val acc = 0.95764 
2022-12-26 13:01:18.137297 Epoch 12 	Train Loss = 0.04411 Train acc = 0.98535  Val Loss = 0.17707 Val acc = 0.95255 
2022-12-26 13:01:27.922975 Epoch 13 	Train Loss = 0.04259 Train acc = 0.98597  Val Loss = 0.15048 Val acc = 0.95689 
2022-12-26 13:01:38.520427 Epoch 14 	Train Loss = 0.03948 Train acc = 0.98697  Val Loss = 0.16900 Val acc = 0.95528 
2022-12-26 13:01:47.990618 Epoch 15 	Train Loss = 0.03740 Train acc = 0.98724  Val Loss = 0.17620 Val acc = 0.95574 
2022-12-26 13:01:57.297134 Epoch 16 	Train Loss = 0.03658 Train acc = 0.98788  Val Loss = 0.20614 Val acc = 0.94568 
2022-12-26 13:02:08.276127 Epoch 17 	Train Loss = 0.03192 Train acc = 0.98960  Val Loss = 0.15715 Val acc = 0.95969 
2022-12-26 13:02:18.461904 Epoch 18 	Train Loss = 0.02921 Train acc = 0.99049  Val Loss = 0.16371 Val acc = 0.95872 
2022-12-26 13:02:28.948857 Epoch 19 	Train Loss = 0.03138 Train acc = 0.98976  Val Loss = 0.21881 Val acc = 0.94651 
2022-12-26 13:02:38.343625 Epoch 20 	Train Loss = 0.02721 Train acc = 0.99085  Val Loss = 0.14462 Val acc = 0.96211 
2022-12-26 13:02:48.083429 Epoch 21 	Train Loss = 0.02660 Train acc = 0.99093  Val Loss = 0.14084 Val acc = 0.96277 
2022-12-26 13:02:57.815632 Epoch 22 	Train Loss = 0.02785 Train acc = 0.99090  Val Loss = 0.16629 Val acc = 0.95805 
2022-12-26 13:03:06.307918 Epoch 23 	Train Loss = 0.02417 Train acc = 0.99189  Val Loss = 0.18565 Val acc = 0.95438 
2022-12-26 13:03:13.894433 Epoch 24 	Train Loss = 0.02364 Train acc = 0.99227  Val Loss = 0.18968 Val acc = 0.95606 
2022-12-26 13:03:22.219503 Epoch 25 	Train Loss = 0.02451 Train acc = 0.99164  Val Loss = 0.18154 Val acc = 0.95798 
2022-12-26 13:03:32.338318 Epoch 26 	Train Loss = 0.02155 Train acc = 0.99228  Val Loss = 0.19575 Val acc = 0.95285 
2022-12-26 13:03:41.966237 Epoch 27 	Train Loss = 0.02064 Train acc = 0.99283  Val Loss = 0.16558 Val acc = 0.96077 
2022-12-26 13:03:50.131370 Epoch 28 	Train Loss = 0.02061 Train acc = 0.99287  Val Loss = 0.16482 Val acc = 0.96289 
2022-12-26 13:03:58.930921 Epoch 29 	Train Loss = 0.01984 Train acc = 0.99334  Val Loss = 0.17614 Val acc = 0.96086 
2022-12-26 13:04:07.915923 Epoch 30 	Train Loss = 0.01873 Train acc = 0.99391  Val Loss = 0.17576 Val acc = 0.96069 
2022-12-26 13:04:18.160673 Epoch 31 	Train Loss = 0.02109 Train acc = 0.99301  Val Loss = 0.15746 Val acc = 0.96407 
Early stopping at epoch: 31
Best at epoch 21:
Train Loss = 0.02660 Train acc = 0.99093 
Val Loss = 0.14084 Val acc = 0.96277 
Test Loss = 0.15818 Test acc = 0.96417 
