2022-12-26 12:56:13.798981
Loading cached data...
Trainset:	x-torch.Size([112777, 1, 224, 224])	y-torch.Size([112777])
Valset:  	x-torch.Size([16534, 1, 224, 224])	y-torch.Size([16534])
Testset:	x-torch.Size([33277, 1, 224, 224])	y-torch.Size([33277])
------------- ResNet -------------
2022-12-26 13:00:28.099437 Epoch 1 	Train Loss = 0.97562 Train acc = 0.74895  Val Loss = 0.86707 Val acc = 0.74466 
2022-12-26 13:02:02.985943 Epoch 2 	Train Loss = 0.15348 Train acc = 0.95386  Val Loss = 0.26213 Val acc = 0.91417 
2022-12-26 13:03:37.197527 Epoch 3 	Train Loss = 0.09106 Train acc = 0.97134  Val Loss = 0.19912 Val acc = 0.94101 
2022-12-26 13:05:10.712351 Epoch 4 	Train Loss = 0.06391 Train acc = 0.97997  Val Loss = 1.62622 Val acc = 0.69514 
2022-12-26 13:06:44.040821 Epoch 5 	Train Loss = 0.05259 Train acc = 0.98390  Val Loss = 0.18806 Val acc = 0.94903 
2022-12-26 13:08:17.113308 Epoch 6 	Train Loss = 0.03948 Train acc = 0.98756  Val Loss = 0.05242 Val acc = 0.98347 
2022-12-26 13:09:50.489858 Epoch 7 	Train Loss = 0.03292 Train acc = 0.98961  Val Loss = 0.16788 Val acc = 0.95210 
2022-12-26 13:11:24.088808 Epoch 8 	Train Loss = 0.02606 Train acc = 0.99183  Val Loss = 0.05669 Val acc = 0.98371 
2022-12-26 13:12:57.432612 Epoch 9 	Train Loss = 0.02414 Train acc = 0.99239  Val Loss = 0.06217 Val acc = 0.98190 
2022-12-26 13:14:31.213969 Epoch 10 	Train Loss = 0.01980 Train acc = 0.99406  Val Loss = 0.04028 Val acc = 0.98818 
2022-12-26 13:16:04.565856 Epoch 11 	Train Loss = 0.01800 Train acc = 0.99451  Val Loss = 0.07420 Val acc = 0.97642 
2022-12-26 13:17:37.773444 Epoch 12 	Train Loss = 0.01560 Train acc = 0.99526  Val Loss = 0.02541 Val acc = 0.99330 
2022-12-26 13:19:10.595047 Epoch 13 	Train Loss = 0.01097 Train acc = 0.99666  Val Loss = 0.06352 Val acc = 0.98208 
2022-12-26 13:20:42.718923 Epoch 14 	Train Loss = 0.01507 Train acc = 0.99576  Val Loss = 0.03697 Val acc = 0.99035 
2022-12-26 13:22:15.661971 Epoch 15 	Train Loss = 0.01178 Train acc = 0.99649  Val Loss = 0.02363 Val acc = 0.99342 
2022-12-26 13:23:48.055948 Epoch 16 	Train Loss = 0.01006 Train acc = 0.99683  Val Loss = 0.04337 Val acc = 0.98715 
2022-12-26 13:25:20.666110 Epoch 17 	Train Loss = 0.00941 Train acc = 0.99726  Val Loss = 0.04033 Val acc = 0.98812 
2022-12-26 13:26:54.197491 Epoch 18 	Train Loss = 0.00943 Train acc = 0.99707  Val Loss = 0.01800 Val acc = 0.99385 
2022-12-26 13:28:26.421631 Epoch 19 	Train Loss = 0.00864 Train acc = 0.99766  Val Loss = 0.02169 Val acc = 0.99319 
2022-12-26 13:29:59.429689 Epoch 20 	Train Loss = 0.00701 Train acc = 0.99782  Val Loss = 0.01336 Val acc = 0.99644 
2022-12-26 13:31:33.154908 Epoch 21 	Train Loss = 0.00725 Train acc = 0.99792  Val Loss = 0.02382 Val acc = 0.99264 
2022-12-26 13:33:05.497042 Epoch 22 	Train Loss = 0.00639 Train acc = 0.99799  Val Loss = 0.01989 Val acc = 0.99397 
2022-12-26 13:34:38.625034 Epoch 23 	Train Loss = 0.00611 Train acc = 0.99825  Val Loss = 0.02209 Val acc = 0.99367 
2022-12-26 13:36:11.983148 Epoch 24 	Train Loss = 0.00675 Train acc = 0.99805  Val Loss = 0.01582 Val acc = 0.99511 
2022-12-26 13:37:44.804828 Epoch 25 	Train Loss = 0.00526 Train acc = 0.99837  Val Loss = 0.01556 Val acc = 0.99469 
2022-12-26 13:39:17.587911 Epoch 26 	Train Loss = 0.00477 Train acc = 0.99858  Val Loss = 0.04908 Val acc = 0.98576 
2022-12-26 13:40:49.482128 Epoch 27 	Train Loss = 0.00451 Train acc = 0.99877  Val Loss = 0.06839 Val acc = 0.98986 
2022-12-26 13:42:23.223199 Epoch 28 	Train Loss = 0.00577 Train acc = 0.99848  Val Loss = 0.00906 Val acc = 0.99759 
2022-12-26 13:43:56.580254 Epoch 29 	Train Loss = 0.00439 Train acc = 0.99875  Val Loss = 0.01742 Val acc = 0.99511 
2022-12-26 13:45:30.102394 Epoch 30 	Train Loss = 0.00345 Train acc = 0.99908  Val Loss = 0.01900 Val acc = 0.99554 
2022-12-26 13:47:02.565900 Epoch 31 	Train Loss = 0.00431 Train acc = 0.99877  Val Loss = 0.02913 Val acc = 0.99306 
2022-12-26 13:48:35.781364 Epoch 32 	Train Loss = 0.00333 Train acc = 0.99904  Val Loss = 0.01846 Val acc = 0.99529 
2022-12-26 13:50:09.242161 Epoch 33 	Train Loss = 0.00384 Train acc = 0.99874  Val Loss = 0.00997 Val acc = 0.99710 
2022-12-26 13:51:41.689854 Epoch 34 	Train Loss = 0.00330 Train acc = 0.99903  Val Loss = 0.01640 Val acc = 0.99493 
2022-12-26 13:53:14.903021 Epoch 35 	Train Loss = 0.00263 Train acc = 0.99921  Val Loss = 0.01341 Val acc = 0.99626 
2022-12-26 13:54:48.400835 Epoch 36 	Train Loss = 0.00332 Train acc = 0.99894  Val Loss = 0.01130 Val acc = 0.99674 
2022-12-26 13:56:21.582033 Epoch 37 	Train Loss = 0.00363 Train acc = 0.99896  Val Loss = 0.01586 Val acc = 0.99614 
2022-12-26 13:57:54.526661 Epoch 38 	Train Loss = 0.00184 Train acc = 0.99943  Val Loss = 0.00801 Val acc = 0.99777 
2022-12-26 13:59:28.173747 Epoch 39 	Train Loss = 0.00354 Train acc = 0.99899  Val Loss = 0.00736 Val acc = 0.99825 
2022-12-26 14:01:00.713888 Epoch 40 	Train Loss = 0.00288 Train acc = 0.99923  Val Loss = 0.00945 Val acc = 0.99722 
2022-12-26 14:02:33.489651 Epoch 41 	Train Loss = 0.00257 Train acc = 0.99929  Val Loss = 0.00664 Val acc = 0.99825 
2022-12-26 14:04:05.752295 Epoch 42 	Train Loss = 0.00270 Train acc = 0.99914  Val Loss = 0.00778 Val acc = 0.99825 
2022-12-26 14:05:39.093571 Epoch 43 	Train Loss = 0.00234 Train acc = 0.99923  Val Loss = 0.00864 Val acc = 0.99759 
2022-12-26 14:07:12.160664 Epoch 44 	Train Loss = 0.00235 Train acc = 0.99926  Val Loss = 0.00841 Val acc = 0.99783 
2022-12-26 14:08:44.774092 Epoch 45 	Train Loss = 0.00173 Train acc = 0.99959  Val Loss = 0.00986 Val acc = 0.99777 
2022-12-26 14:10:18.230055 Epoch 46 	Train Loss = 0.00351 Train acc = 0.99898  Val Loss = 0.00834 Val acc = 0.99777 
2022-12-26 14:11:51.543339 Epoch 47 	Train Loss = 0.00135 Train acc = 0.99957  Val Loss = 0.01708 Val acc = 0.99517 
2022-12-26 14:13:24.514934 Epoch 48 	Train Loss = 0.00238 Train acc = 0.99932  Val Loss = 0.00944 Val acc = 0.99692 
2022-12-26 14:14:57.635614 Epoch 49 	Train Loss = 0.00244 Train acc = 0.99937  Val Loss = 0.00682 Val acc = 0.99825 
2022-12-26 14:16:29.883405 Epoch 50 	Train Loss = 0.00209 Train acc = 0.99944  Val Loss = 0.01855 Val acc = 0.99445 
2022-12-26 14:18:03.523248 Epoch 51 	Train Loss = 0.00228 Train acc = 0.99927  Val Loss = 0.00976 Val acc = 0.99692 
Early stopping at epoch: 51
Best at epoch 41:
Train Loss = 0.00257 Train acc = 0.99929 
Val Loss = 0.00664 Val acc = 0.99825 
Test Loss = 0.01504 Test acc = 0.99582 
